 PyMOL(TM) Molecular Graphics System, Version 3.1.0a0.
 Copyright (c) Schrodinger, LLC.
 All Rights Reserved.
 
    Created by Warren L. DeLano, Ph.D. 
 
    PyMOL is user-supported open-source software.  Although some versions
    are freely available, PyMOL is not in the public domain.
 
    If PyMOL is helpful in your work or study, then please volunteer 
    support for our ongoing efforts to create open and affordable scientific
    software by purchasing a PyMOL Maintenance and/or Support subscription.

    More information can be found at "http://www.pymol.org".
 
    Enter "help" for a list of commands.
    Enter "help <command-name>" for information on a specific command.

 Hit ESC anytime to toggle between text and graphics.

 Warning: Invalid characters in 'CHEMBL460573_experiment_cnr1.dok' have been replaced or stripped
 ObjectMoleculeReadPDBStr: read MODEL 1
 ObjectMoleculeReadPDBStr: read MODEL 2
 ObjectMoleculeReadPDBStr: read MODEL 3
 ObjectMoleculeReadPDBStr: read MODEL 4
 ObjectMoleculeReadPDBStr: read MODEL 5
 CmdLoad: "CHEMBL460573@experiment_cnr1.dok.pdbqt" loaded as "CHEMBL460573_experiment_cnr1.dok".
 Alter: modified 33 atoms.
